The flag 'directory' used in rule compare is only valid for outputs, not inputs.
Building DAG of jobs...
Using shell: /usr/bin/bash
Provided cores: 1 (use --cores to define parallelism)
Rules claiming more threads will be scaled down.
Job stats:
job        count    min threads    max threads
-------  -------  -------------  -------------
compare        1              1              1
total          1              1              1

Select jobs to execute...

[Sun Aug 14 22:31:39 2022]
rule compare:
    input: Input/SEER18-2021/data
    output: Output/SEER18-2021/kmfs, Input/SEER18-2021/kmf_univariate_models
    jobid: 0
    reason: Missing output files: Input/SEER18-2021/kmf_univariate_models
    wildcards: file=SEER18-2021
    resources: tmpdir=/tmp

[Sun Aug 14 22:32:17 2022]
Finished job 0.
1 of 1 steps (100%) done
Complete log: .snakemake/log/2022-08-14T223139.960723.snakemake.log
