The flag 'directory' used in rule compare is only valid for outputs, not inputs.
Building DAG of jobs...
Using shell: /usr/bin/bash
Provided cores: 1 (use --cores to define parallelism)
Rules claiming more threads will be scaled down.
Job stats:
job        count    min threads    max threads
-------  -------  -------------  -------------
compare        1              1              1
total          1              1              1

Select jobs to execute...

[Sun Aug 14 17:04:55 2022]
rule compare:
    input: Input/SEER18-2021/data
    output: Output/SEER18-2021/kmfs
    jobid: 0
    reason: Missing output files: Output/SEER18-2021/kmfs
    wildcards: file=SEER18-2021
    resources: tmpdir=/tmp

[Sun Aug 14 17:04:59 2022]
Error in rule compare:
    jobid: 0
    output: Output/SEER18-2021/kmfs

RuleException:
CalledProcessErrorin line 15 of /home/aa/Desktop/CompareCoCversusNonCoC/Snakefile:
Command 'set -euo pipefail;  /home/aa/.pyenv/versions/3.10.6/bin/python3.10 /home/aa/Desktop/CompareCoCversusNonCoC/.snakemake/scripts/tmp5wysyvk9.compare.py' returned non-zero exit status 1.
  File "/home/aa/Desktop/CompareCoCversusNonCoC/Snakefile", line 15, in __rule_compare
  File "/home/aa/.pyenv/versions/3.10.6/lib/python3.10/concurrent/futures/thread.py", line 58, in run
Shutting down, this might take some time.
Exiting because a job execution failed. Look above for error message
Complete log: .snakemake/log/2022-08-14T170455.718037.snakemake.log
