The flag 'directory' used in rule compare is only valid for outputs, not inputs.
The flag 'directory' used in rule generate_diff is only valid for outputs, not inputs.
Building DAG of jobs...
Using shell: /usr/bin/bash
Provided cores: 1 (use --cores to define parallelism)
Rules claiming more threads will be scaled down.
Job stats:
job              count    min threads    max threads
-------------  -------  -------------  -------------
generate_diff        1              1              1
total                1              1              1

Select jobs to execute...

[Mon Aug 15 00:33:59 2022]
rule generate_diff:
    input: Input/SEER18-2021/kmf_univariate_models
    output: Output/SEER18-2021/diffs
    jobid: 0
    reason: Missing output files: Output/SEER18-2021/diffs
    wildcards: file=SEER18-2021
    resources: tmpdir=/tmp

[Mon Aug 15 00:34:07 2022]
Finished job 0.
1 of 1 steps (100%) done
Complete log: .snakemake/log/2022-08-15T003359.765168.snakemake.log
