The flag 'directory' used in rule compare is only valid for outputs, not inputs.
Building DAG of jobs...
Using shell: /usr/bin/bash
Provided cores: 1 (use --cores to define parallelism)
Rules claiming more threads will be scaled down.
Job stats:
job        count    min threads    max threads
-------  -------  -------------  -------------
compare        1              1              1
total          1              1              1

Select jobs to execute...

[Sun Aug 14 22:30:50 2022]
rule compare:
    input: Input/SEER18-2021/data
    output: Output/SEER18-2021/kmfs, Input/SEER18-2021/kmf_univariate_models
    jobid: 0
    reason: Missing output files: Input/SEER18-2021/kmf_univariate_models
    wildcards: file=SEER18-2021
    resources: tmpdir=/tmp

[Sun Aug 14 22:30:54 2022]
Error in rule compare:
    jobid: 0
    output: Output/SEER18-2021/kmfs, Input/SEER18-2021/kmf_univariate_models

RuleException:
CalledProcessErrorin line 16 of /home/aa/Desktop/CompareCoCversusNonCoC/Snakefile:
Command 'set -euo pipefail;  /home/aa/.pyenv/versions/3.10.6/bin/python3.10 /home/aa/Desktop/CompareCoCversusNonCoC/.snakemake/scripts/tmpfqvhd6o1.compare.py' returned non-zero exit status 1.
  File "/home/aa/Desktop/CompareCoCversusNonCoC/Snakefile", line 16, in __rule_compare
  File "/home/aa/.pyenv/versions/3.10.6/lib/python3.10/concurrent/futures/thread.py", line 58, in run
Removing output files of failed job compare since they might be corrupted:
Output/SEER18-2021/kmfs
Shutting down, this might take some time.
Exiting because a job execution failed. Look above for error message
Complete log: .snakemake/log/2022-08-14T223050.114523.snakemake.log
